2016-05-22 04:22:34,494 - app - views.py- DEBUG - 首页访问日志
2016-05-22 04:22:44,341 - app - views.py- DEBUG - 首页访问日志
2016-05-22 04:23:06,450 - app - views.py- DEBUG - 首页访问日志
2016-05-22 04:47:10,026 - app - __init__.py- DEBUG - 自动加载模块的目录为：/data/opsdev2/reboot-website/app/modules
2016-05-22 04:47:10,035 - app - __init__.py- DEBUG - 验证模块是否可用，模块名为：
2016-05-22 04:47:10,040 - app - __init__.py- DEBUG - 加载 reboot 模块
2016-05-22 04:47:10,113 - app - __init__.py- DEBUG - 加载 reboot 模块成功
2016-05-22 04:47:10,124 - app - __init__.py- DEBUG - 验证模块reboot，是否存在test这个属性
2016-05-22 04:47:10,133 - app - __init__.py- DEBUG - 获取可以执行的函数
2016-05-22 04:48:09,813 - app - __init__.py- DEBUG - 自动加载模块的目录为：/data/opsdev2/reboot-website/app/modules
2016-05-22 04:48:09,819 - app - __init__.py- DEBUG - 验证模块是否可用，模块名为：
2016-05-22 04:48:09,828 - app - __init__.py- DEBUG - 加载 reboot 模块
2016-05-22 04:48:09,889 - app - __init__.py- DEBUG - 加载 reboot 模块成功
2016-05-22 04:48:09,895 - app - __init__.py- DEBUG - 验证模块reboot，是否存在tes1t这个属性
2016-05-22 04:50:30,079 - app - __init__.py- DEBUG - 自动加载模块的目录为：/data/opsdev2/reboot-website/app/modules
2016-05-22 04:50:30,088 - app - __init__.py- DEBUG - 验证模块是否可用，模块名为：
2016-05-22 04:50:30,100 - app - __init__.py- DEBUG - 加载 reboot 模块
2016-05-22 04:50:30,175 - app - __init__.py- DEBUG - 加载 reboot 模块成功
2016-05-22 04:50:30,185 - app - __init__.py- DEBUG - 验证模块reboot，是否存在tes1t这个属性
2016-05-22 05:04:13,663 - app - __init__.py- DEBUG - 验证json格式成功
2016-05-22 05:04:13,672 - app - __init__.py- DEBUG - 自动加载模块的目录为：/data/opsdev2/reboot-website/app/modules
2016-05-22 05:04:13,681 - app - __init__.py- DEBUG - 验证模块是否可用，模块名为：reboot
2016-05-22 05:04:13,687 - app - __init__.py- DEBUG - 加载 reboot 模块
2016-05-22 05:04:13,747 - app - __init__.py- DEBUG - 加载 reboot 模块成功
2016-05-22 05:04:13,752 - app - __init__.py- DEBUG - 验证模块reboot，是否存在tes1t这个属性
2016-05-22 05:04:13,760 - app - __init__.py- WARNING - 函数验证失败
2016-05-22 05:04:13,763 - app - __init__.py- DEBUG - 处理执行后的结果
2016-05-22 05:04:13,764 - app - __init__.py- DEBUG - 处理错误信息
2016-05-22 05:06:10,382 - app - __init__.py- DEBUG - 验证json格式成功
2016-05-22 05:06:10,387 - app - __init__.py- DEBUG - 自动加载模块的目录为：/data/opsdev2/reboot-website/app/modules
2016-05-22 05:06:10,406 - app - __init__.py- DEBUG - 验证模块是否可用，模块名为：reboot
2016-05-22 05:06:10,418 - app - __init__.py- DEBUG - 加载 reboot 模块
2016-05-22 05:06:10,480 - app - __init__.py- DEBUG - 加载 reboot 模块成功
2016-05-22 05:06:10,488 - app - __init__.py- DEBUG - 验证模块reboot，是否存在test这个属性
2016-05-22 05:06:10,501 - app - __init__.py- DEBUG - 获取可以执行的函数
2016-05-22 05:06:10,505 - app - __init__.py- DEBUG - 处理执行后的结果
2016-05-22 05:06:41,064 - app - views.py- DEBUG - 用户请求的content_type为 application/jsona，不予处理
2016-05-22 05:07:05,720 - app - __init__.py- DEBUG - 验证json格式成功
2016-05-22 05:07:05,726 - app - __init__.py- DEBUG - 自动加载模块的目录为：/data/opsdev2/reboot-website/app/modules
2016-05-22 05:07:05,733 - app - __init__.py- DEBUG - 验证模块是否可用，模块名为：reboot
2016-05-22 05:07:05,743 - app - __init__.py- DEBUG - 加载 reboot 模块
2016-05-22 05:07:05,806 - app - __init__.py- DEBUG - 加载 reboot 模块成功
2016-05-22 05:07:05,811 - app - __init__.py- DEBUG - 验证模块reboot，是否存在test1这个属性
2016-05-22 05:07:05,821 - app - __init__.py- WARNING - 函数验证失败
2016-05-22 05:07:05,823 - app - __init__.py- DEBUG - 处理执行后的结果
2016-05-22 05:07:05,831 - app - __init__.py- DEBUG - 处理错误信息
2016-05-22 05:11:41,494 - app - __init__.py- DEBUG - 验证json格式成功
2016-05-22 05:11:41,500 - app - __init__.py- DEBUG - 自动加载模块的目录为：/data/opsdev2/reboot-website/app/modules
2016-05-22 05:11:41,511 - app - __init__.py- DEBUG - 验证模块是否可用，模块名为：reboot
2016-05-22 05:11:41,518 - app - __init__.py- DEBUG - 加载 reboot 模块
2016-05-22 05:11:41,576 - app - __init__.py- DEBUG - 加载 reboot 模块成功
2016-05-22 05:11:41,591 - app - __init__.py- DEBUG - 验证模块reboot，是否存在test1这个属性111111
2016-05-22 05:11:41,598 - app - __init__.py- WARNING - 函数验证失败
2016-05-22 05:11:41,605 - app - __init__.py- DEBUG - 处理执行后的结果
2016-05-22 05:11:41,617 - app - __init__.py- DEBUG - 处理错误信息
2016-05-22 06:22:06,036 - app - __init__.py- DEBUG - 验证json格式成功
2016-05-22 06:22:06,043 - app - __init__.py- DEBUG - 自动加载模块的目录为：/data/opsdev2/reboot-website/app/modules
2016-05-22 06:22:06,049 - app - __init__.py- DEBUG - 验证模块是否可用，模块名为：idc
2016-05-22 06:22:06,061 - app - __init__.py- DEBUG - 加载 idc 模块
2016-05-22 06:22:06,113 - app - __init__.py- DEBUG - 加载 idc 模块失败
2016-05-22 06:22:06,119 - app - __init__.py- WARNING - 模块导入失败
2016-05-22 06:22:06,124 - app - __init__.py- DEBUG - 处理执行后的结果
2016-05-22 06:22:06,141 - app - __init__.py- DEBUG - 处理错误信息
2016-05-22 06:23:48,547 - app - __init__.py- DEBUG - 验证json格式成功
2016-05-22 06:23:48,555 - app - __init__.py- DEBUG - 自动加载模块的目录为：/data/opsdev2/reboot-website/app/modules
2016-05-22 06:23:48,565 - app - __init__.py- DEBUG - 验证模块是否可用，模块名为：idc
2016-05-22 06:23:48,570 - app - __init__.py- DEBUG - 加载 idc 模块
2016-05-22 06:23:48,650 - app - __init__.py- DEBUG - 加载 idc 模块成功
2016-05-22 06:23:48,656 - app - __init__.py- DEBUG - 验证模块idc，是否存在create这个属性
2016-05-22 06:23:48,663 - app - __init__.py- DEBUG - 获取可以执行的函数
2016-05-22 06:23:48,673 - app - __init__.py- DEBUG - 处理执行后的结果
2016-05-22 06:23:48,676 - app - __init__.py- DEBUG - 处理错误信息
2016-05-22 06:27:40,682 - app - __init__.py- DEBUG - 验证json格式成功
2016-05-22 06:27:40,699 - app - __init__.py- DEBUG - 自动加载模块的目录为：/data/opsdev2/reboot-website/app/modules
2016-05-22 06:27:40,709 - app - __init__.py- DEBUG - 验证模块是否可用，模块名为：idc
2016-05-22 06:27:40,716 - app - __init__.py- DEBUG - 加载 idc 模块
2016-05-22 06:27:40,811 - app - __init__.py- DEBUG - 加载 idc 模块成功
2016-05-22 06:27:40,820 - app - __init__.py- DEBUG - 验证模块idc，是否存在create这个属性
2016-05-22 06:27:40,826 - app - __init__.py- DEBUG - 获取可以执行的函数
2016-05-22 06:27:40,840 - app - __init__.py- DEBUG - 处理执行后的结果
2016-05-22 06:27:40,856 - app - __init__.py- DEBUG - 处理错误信息
2016-05-22 06:28:23,183 - app - __init__.py- DEBUG - 验证json格式成功
2016-05-22 06:28:23,194 - app - __init__.py- DEBUG - 自动加载模块的目录为：/data/opsdev2/reboot-website/app/modules
2016-05-22 06:28:23,208 - app - __init__.py- DEBUG - 验证模块是否可用，模块名为：idc
2016-05-22 06:28:23,230 - app - __init__.py- DEBUG - 加载 idc 模块
2016-05-22 06:28:23,323 - app - __init__.py- DEBUG - 加载 idc 模块成功
2016-05-22 06:28:23,337 - app - __init__.py- DEBUG - 验证模块idc，是否存在create这个属性
2016-05-22 06:28:23,351 - app - __init__.py- DEBUG - 获取可以执行的函数
2016-05-22 06:28:23,378 - app - __init__.py- DEBUG - 处理执行后的结果
2016-05-22 06:28:23,385 - app - __init__.py- DEBUG - 处理错误信息
2016-05-22 06:29:09,233 - app - __init__.py- DEBUG - 验证json格式成功
2016-05-22 06:29:09,239 - app - __init__.py- DEBUG - 自动加载模块的目录为：/data/opsdev2/reboot-website/app/modules
2016-05-22 06:29:09,264 - app - __init__.py- DEBUG - 验证模块是否可用，模块名为：idc
2016-05-22 06:29:09,276 - app - __init__.py- DEBUG - 加载 idc 模块
2016-05-22 06:29:09,377 - app - __init__.py- DEBUG - 加载 idc 模块成功
2016-05-22 06:29:09,386 - app - __init__.py- DEBUG - 验证模块idc，是否存在create这个属性
2016-05-22 06:29:09,393 - app - __init__.py- DEBUG - 获取可以执行的函数
2016-05-22 06:29:09,662 - app - __init__.py- DEBUG - 处理执行后的结果
2016-05-22 07:57:35,052 - app - __init__.py- DEBUG - 验证json格式成功
2016-05-22 07:57:35,059 - app - __init__.py- DEBUG - 自动加载模块的目录为：/data/opsdev2/reboot-website/app/modules
2016-05-22 07:57:35,072 - app - __init__.py- DEBUG - 验证模块是否可用，模块名为：idc
2016-05-22 07:57:35,080 - app - __init__.py- DEBUG - 加载 idc 模块
2016-05-22 07:57:35,174 - app - __init__.py- DEBUG - 加载 idc 模块成功
2016-05-22 07:57:35,179 - app - __init__.py- DEBUG - 验证模块idc，是否存在create这个属性
2016-05-22 07:57:35,189 - app - __init__.py- DEBUG - 获取可以执行的函数
2016-05-22 07:57:35,208 - app - idc.py- WARNING - 参数错误，name1,不再idc这张表中
2016-05-22 07:57:35,214 - app - __init__.py- DEBUG - 处理执行后的结果
2016-05-22 07:57:35,221 - app - __init__.py- DEBUG - 处理错误信息
2016-05-22 08:29:06,592 - app - __init__.py- DEBUG - 验证json格式成功
2016-05-22 08:29:06,601 - app - __init__.py- DEBUG - 自动加载模块的目录为：/data/opsdev2/reboot-website/app/modules
2016-05-22 08:29:06,616 - app - __init__.py- DEBUG - 验证模块是否可用，模块名为：idc
2016-05-22 08:29:06,627 - app - __init__.py- DEBUG - 加载 idc 模块
2016-05-22 08:29:06,729 - app - __init__.py- DEBUG - 加载 idc 模块成功
2016-05-22 08:29:06,748 - app - __init__.py- DEBUG - 验证模块idc，是否存在create这个属性
2016-05-22 08:29:06,760 - app - __init__.py- DEBUG - 获取可以执行的函数
2016-05-22 08:29:07,025 - app - idc.py- WARNING - commit error: (_mysql_exceptions.IntegrityError) (1062, "Duplicate entry 'YZ' for key 'ix_idc_name'")
2016-05-22 08:29:07,035 - app - __init__.py- DEBUG - 处理执行后的结果
2016-05-22 08:29:07,042 - app - __init__.py- DEBUG - 处理错误信息
2016-05-22 08:30:09,286 - app - __init__.py- DEBUG - 验证json格式成功
2016-05-22 08:30:09,294 - app - __init__.py- DEBUG - 自动加载模块的目录为：/data/opsdev2/reboot-website/app/modules
2016-05-22 08:30:09,303 - app - __init__.py- DEBUG - 验证模块是否可用，模块名为：idc
2016-05-22 08:30:09,311 - app - __init__.py- DEBUG - 加载 idc 模块
2016-05-22 08:30:09,390 - app - __init__.py- DEBUG - 加载 idc 模块成功
2016-05-22 08:30:09,399 - app - __init__.py- DEBUG - 验证模块idc，是否存在get这个属性
2016-05-22 08:30:09,400 - app - __init__.py- WARNING - idc,get 改操作需要提供token
2016-05-22 08:30:09,418 - app - __init__.py- DEBUG - 处理执行后的结果
2016-05-22 08:30:09,436 - app - __init__.py- DEBUG - 处理错误信息
2016-05-22 08:30:43,149 - app - __init__.py- DEBUG - 验证json格式成功
2016-05-22 08:30:43,157 - app - __init__.py- DEBUG - 自动加载模块的目录为：/data/opsdev2/reboot-website/app/modules
2016-05-22 08:30:43,171 - app - __init__.py- DEBUG - 验证模块是否可用，模块名为：idc
2016-05-22 08:30:43,175 - app - __init__.py- DEBUG - 加载 idc 模块
2016-05-22 08:30:43,242 - app - __init__.py- DEBUG - 加载 idc 模块成功
2016-05-22 08:30:43,254 - app - __init__.py- DEBUG - 验证模块idc，是否存在get这个属性
2016-05-22 08:30:43,259 - app - __init__.py- DEBUG - 获取可以执行的函数
2016-05-22 08:30:43,270 - app - idc.py- WARNING - output必须为list
2016-05-22 08:30:43,278 - app - __init__.py- DEBUG - 处理执行后的结果
2016-05-22 08:30:43,288 - app - __init__.py- DEBUG - 处理错误信息
2016-05-22 08:31:35,834 - app - __init__.py- DEBUG - 验证json格式成功
2016-05-22 08:31:35,841 - app - __init__.py- DEBUG - 自动加载模块的目录为：/data/opsdev2/reboot-website/app/modules
2016-05-22 08:31:35,856 - app - __init__.py- DEBUG - 验证模块是否可用，模块名为：idc
2016-05-22 08:31:35,860 - app - __init__.py- DEBUG - 加载 idc 模块
2016-05-22 08:31:35,944 - app - __init__.py- DEBUG - 加载 idc 模块成功
2016-05-22 08:31:35,956 - app - __init__.py- DEBUG - 验证模块idc，是否存在get这个属性
2016-05-22 08:31:35,961 - app - __init__.py- DEBUG - 获取可以执行的函数
2016-05-22 08:31:36,214 - app - __init__.py- DEBUG - 处理执行后的结果
2016-05-22 08:32:00,891 - app - __init__.py- DEBUG - 验证json格式成功
2016-05-22 08:32:00,899 - app - __init__.py- DEBUG - 自动加载模块的目录为：/data/opsdev2/reboot-website/app/modules
2016-05-22 08:32:00,907 - app - __init__.py- DEBUG - 验证模块是否可用，模块名为：idc
2016-05-22 08:32:00,917 - app - __init__.py- DEBUG - 加载 idc 模块
2016-05-22 08:32:00,977 - app - __init__.py- DEBUG - 加载 idc 模块成功
2016-05-22 08:32:00,990 - app - __init__.py- DEBUG - 验证模块idc，是否存在get这个属性
2016-05-22 08:32:01,000 - app - __init__.py- DEBUG - 获取可以执行的函数
2016-05-22 08:32:01,054 - app - __init__.py- DEBUG - 处理执行后的结果
2016-05-22 08:33:57,283 - app - __init__.py- DEBUG - 验证json格式成功
2016-05-22 08:33:57,291 - app - __init__.py- DEBUG - 自动加载模块的目录为：/data/opsdev2/reboot-website/app/modules
2016-05-22 08:33:57,304 - app - __init__.py- DEBUG - 验证模块是否可用，模块名为：idc
2016-05-22 08:33:57,318 - app - __init__.py- DEBUG - 加载 idc 模块
2016-05-22 08:33:57,407 - app - __init__.py- DEBUG - 加载 idc 模块成功
2016-05-22 08:33:57,415 - app - __init__.py- DEBUG - 验证模块idc，是否存在get这个属性
2016-05-22 08:33:57,422 - app - __init__.py- DEBUG - 获取可以执行的函数
2016-05-22 08:33:57,664 - app - __init__.py- DEBUG - 处理执行后的结果
2016-05-22 08:35:56,405 - app - __init__.py- DEBUG - 验证json格式成功
2016-05-22 08:35:56,418 - app - __init__.py- DEBUG - 自动加载模块的目录为：/data/opsdev2/reboot-website/app/modules
2016-05-22 08:35:56,423 - app - __init__.py- DEBUG - 验证模块是否可用，模块名为：idc
2016-05-22 08:35:56,434 - app - __init__.py- DEBUG - 加载 idc 模块
2016-05-22 08:35:56,526 - app - __init__.py- DEBUG - 加载 idc 模块成功
2016-05-22 08:35:56,537 - app - __init__.py- DEBUG - 验证模块idc，是否存在get这个属性
2016-05-22 08:35:56,549 - app - __init__.py- DEBUG - 获取可以执行的函数
2016-05-22 08:35:56,770 - app - __init__.py- DEBUG - 处理执行后的结果
2016-05-22 08:36:34,543 - app - __init__.py- DEBUG - 验证json格式成功
2016-05-22 08:36:34,554 - app - __init__.py- DEBUG - 自动加载模块的目录为：/data/opsdev2/reboot-website/app/modules
2016-05-22 08:36:34,578 - app - __init__.py- DEBUG - 验证模块是否可用，模块名为：idc
2016-05-22 08:36:34,590 - app - __init__.py- DEBUG - 加载 idc 模块
2016-05-22 08:36:34,706 - app - __init__.py- DEBUG - 加载 idc 模块成功
2016-05-22 08:36:34,720 - app - __init__.py- DEBUG - 验证模块idc，是否存在get这个属性
2016-05-22 08:36:34,725 - app - __init__.py- DEBUG - 获取可以执行的函数
2016-05-22 08:36:35,001 - app - __init__.py- DEBUG - 处理执行后的结果
2016-05-22 08:37:37,024 - app - __init__.py- DEBUG - 验证json格式成功
2016-05-22 08:37:37,032 - app - __init__.py- DEBUG - 自动加载模块的目录为：/data/opsdev2/reboot-website/app/modules
2016-05-22 08:37:37,044 - app - __init__.py- DEBUG - 验证模块是否可用，模块名为：idc
2016-05-22 08:37:37,053 - app - __init__.py- DEBUG - 加载 idc 模块
2016-05-22 08:37:37,149 - app - __init__.py- DEBUG - 加载 idc 模块成功
2016-05-22 08:37:37,156 - app - __init__.py- DEBUG - 验证模块idc，是否存在get这个属性
2016-05-22 08:37:37,166 - app - __init__.py- DEBUG - 获取可以执行的函数
2016-05-22 08:37:37,366 - app - __init__.py- DEBUG - 处理执行后的结果
2016-05-22 08:38:28,162 - app - __init__.py- DEBUG - 验证json格式成功
2016-05-22 08:38:28,169 - app - __init__.py- DEBUG - 自动加载模块的目录为：/data/opsdev2/reboot-website/app/modules
2016-05-22 08:38:28,180 - app - __init__.py- DEBUG - 验证模块是否可用，模块名为：idc
2016-05-22 08:38:28,187 - app - __init__.py- DEBUG - 加载 idc 模块
2016-05-22 08:38:28,273 - app - __init__.py- DEBUG - 加载 idc 模块成功
2016-05-22 08:38:28,281 - app - __init__.py- DEBUG - 验证模块idc，是否存在get这个属性
2016-05-22 08:38:28,287 - app - __init__.py- DEBUG - 获取可以执行的函数
2016-05-22 08:38:28,538 - app - __init__.py- DEBUG - 处理执行后的结果
2016-05-22 08:41:27,936 - app - __init__.py- DEBUG - 验证json格式成功
2016-05-22 08:41:27,947 - app - __init__.py- DEBUG - 自动加载模块的目录为：/data/opsdev2/reboot-website/app/modules
2016-05-22 08:41:27,972 - app - __init__.py- DEBUG - 验证模块是否可用，模块名为：idc
2016-05-22 08:41:27,987 - app - __init__.py- DEBUG - 加载 idc 模块
2016-05-22 08:41:28,072 - app - __init__.py- DEBUG - 加载 idc 模块成功
2016-05-22 08:41:28,079 - app - __init__.py- DEBUG - 验证模块idc，是否存在get这个属性
2016-05-22 08:41:28,090 - app - __init__.py- DEBUG - 获取可以执行的函数
2016-05-22 08:41:28,310 - app - __init__.py- DEBUG - 处理执行后的结果
2016-05-22 08:44:53,681 - app - __init__.py- DEBUG - 验证json格式成功
2016-05-22 08:44:53,690 - app - __init__.py- DEBUG - 自动加载模块的目录为：/data/opsdev2/reboot-website/app/modules
2016-05-22 08:44:53,699 - app - __init__.py- DEBUG - 验证模块是否可用，模块名为：idc
2016-05-22 08:44:53,713 - app - __init__.py- DEBUG - 加载 idc 模块
2016-05-22 08:44:53,816 - app - __init__.py- DEBUG - 加载 idc 模块成功
2016-05-22 08:44:53,827 - app - __init__.py- DEBUG - 验证模块idc，是否存在get这个属性
2016-05-22 08:44:53,839 - app - __init__.py- DEBUG - 获取可以执行的函数
2016-05-22 08:44:53,895 - app - __init__.py- DEBUG - 处理执行后的结果
2016-05-22 08:46:58,328 - app - __init__.py- DEBUG - 验证json格式成功
2016-05-22 08:46:58,341 - app - __init__.py- DEBUG - 自动加载模块的目录为：/data/opsdev2/reboot-website/app/modules
2016-05-22 08:46:58,348 - app - __init__.py- DEBUG - 验证模块是否可用，模块名为：idc
2016-05-22 08:46:58,358 - app - __init__.py- DEBUG - 加载 idc 模块
2016-05-22 08:46:58,429 - app - __init__.py- DEBUG - 加载 idc 模块成功
2016-05-22 08:46:58,439 - app - __init__.py- DEBUG - 验证模块idc，是否存在get这个属性
2016-05-22 08:46:58,445 - app - __init__.py- DEBUG - 获取可以执行的函数
2016-05-22 08:46:58,496 - app - __init__.py- DEBUG - 处理执行后的结果
2016-05-22 08:47:39,133 - app - __init__.py- DEBUG - 验证json格式成功
2016-05-22 08:47:39,138 - app - __init__.py- DEBUG - 自动加载模块的目录为：/data/opsdev2/reboot-website/app/modules
2016-05-22 08:47:39,144 - app - __init__.py- DEBUG - 验证模块是否可用，模块名为：idc
2016-05-22 08:47:39,153 - app - __init__.py- DEBUG - 加载 idc 模块
2016-05-22 08:47:39,228 - app - __init__.py- DEBUG - 加载 idc 模块成功
2016-05-22 08:47:39,237 - app - __init__.py- DEBUG - 验证模块idc，是否存在get这个属性
2016-05-22 08:47:39,251 - app - __init__.py- DEBUG - 获取可以执行的函数
2016-05-22 08:47:39,289 - app - __init__.py- DEBUG - 处理执行后的结果
2016-05-22 08:50:47,997 - app - __init__.py- DEBUG - 验证json格式成功
2016-05-22 08:50:48,007 - app - __init__.py- DEBUG - 自动加载模块的目录为：/data/opsdev2/reboot-website/app/modules
2016-05-22 08:50:48,015 - app - __init__.py- DEBUG - 验证模块是否可用，模块名为：idc
2016-05-22 08:50:48,023 - app - __init__.py- DEBUG - 加载 idc 模块
2016-05-22 08:50:48,119 - app - __init__.py- DEBUG - 加载 idc 模块成功
2016-05-22 08:50:48,127 - app - __init__.py- DEBUG - 验证模块idc，是否存在get这个属性
2016-05-22 08:50:48,134 - app - __init__.py- DEBUG - 获取可以执行的函数
2016-05-22 08:50:48,387 - app - __init__.py- DEBUG - 处理执行后的结果
2016-05-22 09:00:38,390 - app - __init__.py- DEBUG - 验证json格式成功
2016-05-22 09:00:38,397 - app - __init__.py- DEBUG - 自动加载模块的目录为：/data/opsdev2/reboot-website/app/modules
2016-05-22 09:00:38,408 - app - __init__.py- DEBUG - 验证模块是否可用，模块名为：idc
2016-05-22 09:00:38,415 - app - __init__.py- DEBUG - 加载 idc 模块
2016-05-22 09:00:38,511 - app - __init__.py- DEBUG - 加载 idc 模块成功
2016-05-22 09:00:38,521 - app - __init__.py- DEBUG - 验证模块idc，是否存在get这个属性
2016-05-22 09:00:38,535 - app - __init__.py- DEBUG - 获取可以执行的函数
2016-05-22 09:00:38,662 - app - __init__.py- DEBUG - 处理执行后的结果
2016-05-22 09:00:38,666 - app - __init__.py- DEBUG - 处理错误信息
2016-05-22 09:23:26,096 - app - __init__.py- DEBUG - 验证json格式成功
2016-05-22 09:23:26,105 - app - __init__.py- DEBUG - 自动加载模块的目录为：/data/opsdev2/reboot-website/app/modules
2016-05-22 09:23:26,115 - app - __init__.py- DEBUG - 验证模块是否可用，模块名为：idc
2016-05-22 09:23:26,126 - app - __init__.py- DEBUG - 加载 idc 模块
2016-05-22 09:23:26,212 - app - __init__.py- DEBUG - 加载 idc 模块成功
2016-05-22 09:23:26,222 - app - __init__.py- DEBUG - 验证模块idc，是否存在get这个属性
2016-05-22 09:23:26,231 - app - __init__.py- DEBUG - 获取可以执行的函数
2016-05-22 09:23:26,468 - app - __init__.py- DEBUG - 处理执行后的结果
2016-05-22 09:27:49,209 - app - __init__.py- DEBUG - 验证json格式成功
2016-05-22 09:27:49,220 - app - __init__.py- DEBUG - 自动加载模块的目录为：/data/opsdev2/reboot-website/app/modules
2016-05-22 09:27:49,233 - app - __init__.py- DEBUG - 验证模块是否可用，模块名为：idc
2016-05-22 09:27:49,241 - app - __init__.py- DEBUG - 加载 idc 模块
2016-05-22 09:27:49,311 - app - __init__.py- DEBUG - 加载 idc 模块成功
2016-05-22 09:27:49,326 - app - __init__.py- DEBUG - 验证模块idc，是否存在get这个属性
2016-05-22 09:27:49,332 - app - __init__.py- DEBUG - 获取可以执行的函数
2016-05-22 09:27:49,384 - app - __init__.py- DEBUG - 处理执行后的结果
2016-05-22 09:28:41,206 - app - __init__.py- DEBUG - 验证json格式成功
2016-05-22 09:28:41,217 - app - __init__.py- DEBUG - 自动加载模块的目录为：/data/opsdev2/reboot-website/app/modules
2016-05-22 09:28:41,228 - app - __init__.py- DEBUG - 验证模块是否可用，模块名为：idc
2016-05-22 09:28:41,242 - app - __init__.py- DEBUG - 加载 idc 模块
2016-05-22 09:28:41,324 - app - __init__.py- DEBUG - 加载 idc 模块成功
2016-05-22 09:28:41,334 - app - __init__.py- DEBUG - 验证模块idc，是否存在update这个属性
2016-05-22 09:28:41,346 - app - __init__.py- DEBUG - 获取可以执行的函数
2016-05-22 09:28:41,354 - app - __init__.py- DEBUG - 处理执行后的结果
2016-05-22 09:28:41,369 - app - __init__.py- DEBUG - 处理错误信息
2016-05-22 09:30:45,299 - app - __init__.py- DEBUG - 验证json格式成功
2016-05-22 09:30:45,307 - app - __init__.py- DEBUG - 自动加载模块的目录为：/data/opsdev2/reboot-website/app/modules
2016-05-22 09:30:45,315 - app - __init__.py- DEBUG - 验证模块是否可用，模块名为：idc
2016-05-22 09:30:45,327 - app - __init__.py- DEBUG - 加载 idc 模块
2016-05-22 09:30:45,384 - app - __init__.py- DEBUG - 加载 idc 模块成功
2016-05-22 09:30:45,396 - app - __init__.py- DEBUG - 验证模块idc，是否存在update这个属性
2016-05-22 09:30:45,398 - app - __init__.py- DEBUG - 获取可以执行的函数
2016-05-22 09:30:45,406 - app - __init__.py- DEBUG - 处理执行后的结果
2016-05-22 09:30:45,417 - app - __init__.py- DEBUG - 处理错误信息
2016-05-22 09:32:19,567 - app - __init__.py- DEBUG - 验证json格式成功
2016-05-22 09:32:19,575 - app - __init__.py- DEBUG - 自动加载模块的目录为：/data/opsdev2/reboot-website/app/modules
2016-05-22 09:32:19,593 - app - __init__.py- DEBUG - 验证模块是否可用，模块名为：idc
2016-05-22 09:32:19,599 - app - __init__.py- DEBUG - 加载 idc 模块
2016-05-22 09:32:19,707 - app - __init__.py- DEBUG - 加载 idc 模块成功
2016-05-22 09:32:19,716 - app - __init__.py- DEBUG - 验证模块idc，是否存在update这个属性
2016-05-22 09:32:19,729 - app - __init__.py- DEBUG - 获取可以执行的函数
2016-05-22 09:32:20,015 - app - __init__.py- DEBUG - 处理执行后的结果
2016-05-22 09:32:26,954 - app - __init__.py- DEBUG - 验证json格式成功
2016-05-22 09:32:26,963 - app - __init__.py- DEBUG - 自动加载模块的目录为：/data/opsdev2/reboot-website/app/modules
2016-05-22 09:32:26,969 - app - __init__.py- DEBUG - 验证模块是否可用，模块名为：idc
2016-05-22 09:32:26,976 - app - __init__.py- DEBUG - 加载 idc 模块
2016-05-22 09:32:27,057 - app - __init__.py- DEBUG - 加载 idc 模块成功
2016-05-22 09:32:27,062 - app - __init__.py- DEBUG - 验证模块idc，是否存在update这个属性
2016-05-22 09:32:27,067 - app - __init__.py- DEBUG - 获取可以执行的函数
2016-05-22 09:32:27,111 - app - __init__.py- DEBUG - 处理执行后的结果
2016-05-22 10:40:49,508 - app - views.py- DEBUG - 首页访问日志
2016-05-22 10:41:09,410 - app - __init__.py- DEBUG - 自动加载模块的目录为：/data/opsdev2/reboot-website/app/modules
2016-05-22 10:41:09,429 - app - __init__.py- DEBUG - 验证模块，是否存在idc这个属性
2016-05-22 10:43:38,172 - app - __init__.py- DEBUG - 自动加载模块的目录为：/data/opsdev2/reboot-website/app/modules
2016-05-22 10:43:38,198 - app - __init__.py- DEBUG - 验证模块是否可用，模块名为：idc
2016-05-22 10:43:38,204 - app - __init__.py- DEBUG - 加载 idc 模块
2016-05-22 10:43:38,287 - app - __init__.py- DEBUG - 加载 idc 模块成功
2016-05-22 10:43:38,303 - app - __init__.py- DEBUG - 验证模块idc，是否存在get这个属性
2016-05-22 10:43:38,320 - app - __init__.py- DEBUG - 获取可以执行的函数
2016-05-22 10:45:47,499 - app - __init__.py- DEBUG - 自动加载模块的目录为：/data/opsdev2/reboot-website/app/modules
2016-05-22 10:45:47,507 - app - __init__.py- DEBUG - 验证模块是否可用，模块名为：idc
2016-05-22 10:45:47,586 - app - __init__.py- DEBUG - 加载 idc 模块
2016-05-22 10:45:47,769 - app - __init__.py- DEBUG - 加载 idc 模块成功
2016-05-22 10:45:47,790 - app - __init__.py- DEBUG - 验证模块idc，是否存在get这个属性
2016-05-22 10:45:47,801 - app - __init__.py- DEBUG - 获取可以执行的函数
2016-05-22 10:45:56,305 - app - __init__.py- DEBUG - 自动加载模块的目录为：/data/opsdev2/reboot-website/app/modules
2016-05-22 10:45:56,323 - app - __init__.py- DEBUG - 验证模块是否可用，模块名为：idc
2016-05-22 10:45:56,345 - app - __init__.py- DEBUG - 加载 idc 模块
2016-05-22 10:45:56,463 - app - __init__.py- DEBUG - 加载 idc 模块成功
2016-05-22 10:45:56,481 - app - __init__.py- DEBUG - 验证模块idc，是否存在get这个属性
2016-05-22 10:45:56,683 - app - __init__.py- DEBUG - 获取可以执行的函数
2016-05-22 10:46:16,663 - app - views.py- DEBUG - 首页访问日志
2016-05-22 10:46:33,261 - app - __init__.py- DEBUG - 自动加载模块的目录为：/data/opsdev2/reboot-website/app/modules
2016-05-22 10:46:33,269 - app - __init__.py- DEBUG - 验证模块是否可用，模块名为：idc
2016-05-22 10:46:33,281 - app - __init__.py- DEBUG - 加载 idc 模块
2016-05-22 10:46:33,346 - app - __init__.py- DEBUG - 加载 idc 模块成功
2016-05-22 10:46:33,363 - app - __init__.py- DEBUG - 验证模块idc，是否存在get这个属性
2016-05-22 10:46:33,367 - app - __init__.py- DEBUG - 获取可以执行的函数
2016-05-22 10:46:51,792 - app - __init__.py- DEBUG - 自动加载模块的目录为：/data/opsdev2/reboot-website/app/modules
2016-05-22 10:46:51,802 - app - __init__.py- DEBUG - 验证模块是否可用，模块名为：idc
2016-05-22 10:46:51,811 - app - __init__.py- DEBUG - 加载 idc 模块
2016-05-22 10:46:51,888 - app - __init__.py- DEBUG - 加载 idc 模块成功
2016-05-22 10:46:51,896 - app - __init__.py- DEBUG - 验证模块idc，是否存在get这个属性
2016-05-22 10:46:51,901 - app - __init__.py- DEBUG - 获取可以执行的函数
2016-05-22 10:48:35,921 - app - __init__.py- DEBUG - 自动加载模块的目录为：/data/opsdev2/reboot-website/app/modules
2016-05-22 10:48:35,934 - app - __init__.py- DEBUG - 验证模块是否可用，模块名为：idc
2016-05-22 10:48:35,938 - app - __init__.py- DEBUG - 加载 idc 模块
2016-05-22 10:48:35,996 - app - __init__.py- DEBUG - 加载 idc 模块成功
2016-05-22 10:48:36,002 - app - __init__.py- DEBUG - 验证模块idc，是否存在get这个属性
2016-05-22 10:48:36,008 - app - __init__.py- DEBUG - 获取可以执行的函数
2016-05-22 10:49:39,606 - app - __init__.py- DEBUG - 自动加载模块的目录为：/data/opsdev2/reboot-website/app/modules
2016-05-22 10:49:39,617 - app - __init__.py- DEBUG - 验证模块是否可用，模块名为：idc
2016-05-22 10:49:39,621 - app - __init__.py- DEBUG - 加载 idc 模块
2016-05-22 10:49:39,687 - app - __init__.py- DEBUG - 加载 idc 模块成功
2016-05-22 10:49:39,696 - app - __init__.py- DEBUG - 验证模块idc，是否存在get这个属性
2016-05-22 10:49:39,702 - app - __init__.py- DEBUG - 获取可以执行的函数
2016-05-22 10:49:51,786 - app - views.py- DEBUG - 首页访问日志
2016-05-22 10:50:02,050 - app - __init__.py- DEBUG - 自动加载模块的目录为：/data/opsdev2/reboot-website/app/modules
2016-05-22 10:50:02,066 - app - __init__.py- DEBUG - 验证模块是否可用，模块名为：idc
2016-05-22 10:50:02,069 - app - __init__.py- DEBUG - 加载 idc 模块
2016-05-22 10:50:02,131 - app - __init__.py- DEBUG - 加载 idc 模块成功
2016-05-22 10:50:02,138 - app - __init__.py- DEBUG - 验证模块idc，是否存在get这个属性
2016-05-22 10:50:02,151 - app - __init__.py- DEBUG - 获取可以执行的函数
2016-05-22 10:52:09,571 - app - __init__.py- DEBUG - 自动加载模块的目录为：/data/opsdev2/reboot-website/app/modules
2016-05-22 10:52:09,577 - app - __init__.py- DEBUG - 验证模块是否可用，模块名为：idc
2016-05-22 10:52:09,592 - app - __init__.py- DEBUG - 加载 idc 模块
2016-05-22 10:52:09,656 - app - __init__.py- DEBUG - 加载 idc 模块成功
2016-05-22 10:52:09,666 - app - __init__.py- DEBUG - 验证模块idc，是否存在get这个属性
2016-05-22 10:52:09,674 - app - __init__.py- DEBUG - 获取可以执行的函数
2016-05-22 10:52:17,089 - app - __init__.py- DEBUG - 自动加载模块的目录为：/data/opsdev2/reboot-website/app/modules
2016-05-22 10:52:17,106 - app - __init__.py- DEBUG - 验证模块是否可用，模块名为：idc
2016-05-22 10:52:17,119 - app - __init__.py- DEBUG - 加载 idc 模块
2016-05-22 10:52:17,194 - app - __init__.py- DEBUG - 加载 idc 模块成功
2016-05-22 10:52:17,206 - app - __init__.py- DEBUG - 验证模块idc，是否存在update这个属性
2016-05-22 10:52:17,227 - app - __init__.py- DEBUG - 获取可以执行的函数
2016-05-22 10:52:20,718 - app - __init__.py- DEBUG - 自动加载模块的目录为：/data/opsdev2/reboot-website/app/modules
2016-05-22 10:52:20,725 - app - __init__.py- DEBUG - 验证模块是否可用，模块名为：idc
2016-05-22 10:52:20,735 - app - __init__.py- DEBUG - 加载 idc 模块
2016-05-22 10:52:20,802 - app - __init__.py- DEBUG - 加载 idc 模块成功
2016-05-22 10:52:20,813 - app - __init__.py- DEBUG - 验证模块idc，是否存在get这个属性
2016-05-22 10:52:20,818 - app - __init__.py- DEBUG - 获取可以执行的函数
2016-05-22 10:58:54,874 - app - __init__.py- DEBUG - 自动加载模块的目录为：/data/opsdev2/reboot-website/app/modules
2016-05-22 10:58:54,888 - app - __init__.py- DEBUG - 验证模块是否可用，模块名为：idc
2016-05-22 10:58:54,892 - app - __init__.py- DEBUG - 加载 idc 模块
2016-05-22 10:58:54,957 - app - __init__.py- DEBUG - 加载 idc 模块成功
2016-05-22 10:58:54,965 - app - __init__.py- DEBUG - 验证模块idc，是否存在get这个属性
2016-05-22 10:58:54,984 - app - __init__.py- DEBUG - 获取可以执行的函数
2016-05-22 11:03:12,758 - app - __init__.py- DEBUG - 自动加载模块的目录为：/data/opsdev2/reboot-website/app/modules
2016-05-22 11:03:12,779 - app - __init__.py- DEBUG - 验证模块是否可用，模块名为：idc
2016-05-22 11:03:12,803 - app - __init__.py- DEBUG - 加载 idc 模块
2016-05-22 11:03:12,888 - app - __init__.py- DEBUG - 加载 idc 模块成功
2016-05-22 11:03:12,895 - app - __init__.py- DEBUG - 验证模块idc，是否存在get这个属性
2016-05-22 11:03:12,908 - app - __init__.py- DEBUG - 获取可以执行的函数
2016-05-22 11:06:53,041 - app - __init__.py- DEBUG - 自动加载模块的目录为：/data/opsdev2/reboot-website/app/modules
2016-05-22 11:06:53,048 - app - __init__.py- DEBUG - 验证模块是否可用，模块名为：idc
2016-05-22 11:06:53,064 - app - __init__.py- DEBUG - 加载 idc 模块
2016-05-22 11:06:53,148 - app - __init__.py- DEBUG - 加载 idc 模块成功
2016-05-22 11:06:53,156 - app - __init__.py- DEBUG - 验证模块idc，是否存在update这个属性
2016-05-22 11:06:53,172 - app - __init__.py- DEBUG - 获取可以执行的函数
2016-05-22 11:06:53,182 - app - __init__.py- WARNING - 调用模块执行中出错：需要提供ID作为更新条件
2016-05-22 11:06:54,727 - app - __init__.py- DEBUG - 自动加载模块的目录为：/data/opsdev2/reboot-website/app/modules
2016-05-22 11:06:54,736 - app - __init__.py- DEBUG - 验证模块是否可用，模块名为：idc
2016-05-22 11:06:54,741 - app - __init__.py- DEBUG - 加载 idc 模块
2016-05-22 11:06:54,806 - app - __init__.py- DEBUG - 加载 idc 模块成功
2016-05-22 11:06:54,814 - app - __init__.py- DEBUG - 验证模块idc，是否存在get这个属性
2016-05-22 11:06:54,827 - app - __init__.py- DEBUG - 获取可以执行的函数
2016-05-22 11:10:35,033 - app - __init__.py- DEBUG - 自动加载模块的目录为：/data/opsdev2/reboot-website/app/modules
2016-05-22 11:10:35,045 - app - __init__.py- DEBUG - 验证模块是否可用，模块名为：idc
2016-05-22 11:10:35,052 - app - __init__.py- DEBUG - 加载 idc 模块
2016-05-22 11:10:35,128 - app - __init__.py- DEBUG - 加载 idc 模块成功
2016-05-22 11:10:35,140 - app - __init__.py- DEBUG - 验证模块idc，是否存在update这个属性
2016-05-22 11:10:35,144 - app - __init__.py- DEBUG - 获取可以执行的函数
2016-05-22 11:10:35,161 - app - __init__.py- WARNING - 调用模块执行中出错：需要提供ID作为更新条件
2016-05-22 11:13:44,693 - app - __init__.py- DEBUG - 自动加载模块的目录为：/data/opsdev2/reboot-website/app/modules
2016-05-22 11:13:44,708 - app - __init__.py- DEBUG - 验证模块是否可用，模块名为：idc
2016-05-22 11:13:44,729 - app - __init__.py- DEBUG - 加载 idc 模块
2016-05-22 11:13:44,801 - app - __init__.py- DEBUG - 加载 idc 模块成功
2016-05-22 11:13:44,812 - app - __init__.py- DEBUG - 验证模块idc，是否存在get这个属性
2016-05-22 11:13:44,818 - app - __init__.py- DEBUG - 获取可以执行的函数
2016-05-22 11:13:51,198 - app - __init__.py- DEBUG - 自动加载模块的目录为：/data/opsdev2/reboot-website/app/modules
2016-05-22 11:13:51,212 - app - __init__.py- DEBUG - 验证模块是否可用，模块名为：idc
2016-05-22 11:13:51,218 - app - __init__.py- DEBUG - 加载 idc 模块
2016-05-22 11:13:51,291 - app - __init__.py- DEBUG - 加载 idc 模块成功
2016-05-22 11:13:51,298 - app - __init__.py- DEBUG - 验证模块idc，是否存在get这个属性
2016-05-22 11:13:51,308 - app - __init__.py- DEBUG - 获取可以执行的函数
2016-05-22 11:14:49,110 - app - __init__.py- DEBUG - 自动加载模块的目录为：/data/opsdev2/reboot-website/app/modules
2016-05-22 11:14:49,123 - app - __init__.py- DEBUG - 验证模块是否可用，模块名为：idc
2016-05-22 11:14:49,131 - app - __init__.py- DEBUG - 加载 idc 模块
2016-05-22 11:14:49,208 - app - __init__.py- DEBUG - 加载 idc 模块成功
2016-05-22 11:14:49,217 - app - __init__.py- DEBUG - 验证模块idc，是否存在get这个属性
2016-05-22 11:14:49,219 - app - __init__.py- DEBUG - 获取可以执行的函数
2016-05-22 11:17:41,515 - app - __init__.py- DEBUG - 自动加载模块的目录为：/data/opsdev2/reboot-website/app/modules
2016-05-22 11:17:41,526 - app - __init__.py- DEBUG - 验证模块是否可用，模块名为：idc
2016-05-22 11:17:41,527 - app - __init__.py- DEBUG - 加载 idc 模块
2016-05-22 11:17:41,611 - app - __init__.py- DEBUG - 加载 idc 模块成功
2016-05-22 11:17:41,623 - app - __init__.py- DEBUG - 验证模块idc，是否存在create这个属性
2016-05-22 11:17:41,634 - app - __init__.py- DEBUG - 获取可以执行的函数
2016-05-22 11:17:41,659 - app - idc.py- WARNING - 参数错误，data,不再idc这张表中
2016-05-22 11:17:41,676 - app - __init__.py- WARNING - 调用模块执行中出错：params error: data
2016-05-22 11:17:44,096 - app - __init__.py- DEBUG - 自动加载模块的目录为：/data/opsdev2/reboot-website/app/modules
2016-05-22 11:17:44,108 - app - __init__.py- DEBUG - 验证模块是否可用，模块名为：idc
2016-05-22 11:17:44,121 - app - __init__.py- DEBUG - 加载 idc 模块
2016-05-22 11:17:44,202 - app - __init__.py- DEBUG - 加载 idc 模块成功
2016-05-22 11:17:44,220 - app - __init__.py- DEBUG - 验证模块idc，是否存在get这个属性
2016-05-22 11:17:44,228 - app - __init__.py- DEBUG - 获取可以执行的函数
2016-05-22 11:18:46,858 - app - __init__.py- DEBUG - 自动加载模块的目录为：/data/opsdev2/reboot-website/app/modules
2016-05-22 11:18:46,879 - app - __init__.py- DEBUG - 验证模块是否可用，模块名为：idc
2016-05-22 11:18:46,895 - app - __init__.py- DEBUG - 加载 idc 模块
2016-05-22 11:18:46,963 - app - __init__.py- DEBUG - 加载 idc 模块成功
2016-05-22 11:18:46,972 - app - __init__.py- DEBUG - 验证模块idc，是否存在get这个属性
2016-05-22 11:18:46,982 - app - __init__.py- DEBUG - 获取可以执行的函数
2016-05-22 11:18:50,007 - app - __init__.py- DEBUG - 自动加载模块的目录为：/data/opsdev2/reboot-website/app/modules
2016-05-22 11:18:50,016 - app - __init__.py- DEBUG - 验证模块是否可用，模块名为：idc
2016-05-22 11:18:50,028 - app - __init__.py- DEBUG - 加载 idc 模块
2016-05-22 11:18:50,117 - app - __init__.py- DEBUG - 加载 idc 模块成功
2016-05-22 11:18:50,125 - app - __init__.py- DEBUG - 验证模块idc，是否存在get这个属性
2016-05-22 11:18:50,137 - app - __init__.py- DEBUG - 获取可以执行的函数
2016-05-22 11:20:08,060 - app - __init__.py- DEBUG - 自动加载模块的目录为：/data/opsdev2/reboot-website/app/modules
2016-05-22 11:20:08,072 - app - __init__.py- DEBUG - 验证模块是否可用，模块名为：idc
2016-05-22 11:20:08,086 - app - __init__.py- DEBUG - 加载 idc 模块
2016-05-22 11:20:08,158 - app - __init__.py- DEBUG - 加载 idc 模块成功
2016-05-22 11:20:08,168 - app - __init__.py- DEBUG - 验证模块idc，是否存在create这个属性
2016-05-22 11:20:08,185 - app - __init__.py- DEBUG - 获取可以执行的函数
2016-05-22 11:20:08,195 - app - idc.py- WARNING - 参数错误，data,不再idc这张表中
2016-05-22 11:20:08,203 - app - __init__.py- WARNING - 调用模块执行中出错：params error: data
2016-05-22 11:20:10,401 - app - __init__.py- DEBUG - 自动加载模块的目录为：/data/opsdev2/reboot-website/app/modules
2016-05-22 11:20:10,413 - app - __init__.py- DEBUG - 验证模块是否可用，模块名为：idc
2016-05-22 11:20:10,420 - app - __init__.py- DEBUG - 加载 idc 模块
2016-05-22 11:20:10,500 - app - __init__.py- DEBUG - 加载 idc 模块成功
2016-05-22 11:20:10,510 - app - __init__.py- DEBUG - 验证模块idc，是否存在get这个属性
2016-05-22 11:20:10,528 - app - __init__.py- DEBUG - 获取可以执行的函数
2016-05-22 11:20:45,813 - app - __init__.py- DEBUG - 自动加载模块的目录为：/data/opsdev2/reboot-website/app/modules
2016-05-22 11:20:45,823 - app - __init__.py- DEBUG - 验证模块是否可用，模块名为：idc
2016-05-22 11:20:45,844 - app - __init__.py- DEBUG - 加载 idc 模块
2016-05-22 11:20:45,926 - app - __init__.py- DEBUG - 加载 idc 模块成功
2016-05-22 11:20:45,934 - app - __init__.py- DEBUG - 验证模块idc，是否存在create这个属性
2016-05-22 11:20:45,956 - app - __init__.py- DEBUG - 获取可以执行的函数
2016-05-22 11:20:45,984 - app - idc.py- WARNING - 参数错误，data,不再idc这张表中
2016-05-22 11:20:45,990 - app - __init__.py- WARNING - 调用模块执行中出错：params error: data
2016-05-22 11:20:47,304 - app - __init__.py- DEBUG - 自动加载模块的目录为：/data/opsdev2/reboot-website/app/modules
2016-05-22 11:20:47,316 - app - __init__.py- DEBUG - 验证模块是否可用，模块名为：idc
2016-05-22 11:20:47,320 - app - __init__.py- DEBUG - 加载 idc 模块
2016-05-22 11:20:47,397 - app - __init__.py- DEBUG - 加载 idc 模块成功
2016-05-22 11:20:47,405 - app - __init__.py- DEBUG - 验证模块idc，是否存在get这个属性
2016-05-22 11:20:47,414 - app - __init__.py- DEBUG - 获取可以执行的函数
2016-05-22 11:21:42,750 - app - __init__.py- DEBUG - 自动加载模块的目录为：/data/opsdev2/reboot-website/app/modules
2016-05-22 11:21:42,761 - app - __init__.py- DEBUG - 验证模块是否可用，模块名为：idc
2016-05-22 11:21:42,771 - app - __init__.py- DEBUG - 加载 idc 模块
2016-05-22 11:21:42,852 - app - __init__.py- DEBUG - 加载 idc 模块成功
2016-05-22 11:21:42,867 - app - __init__.py- DEBUG - 验证模块idc，是否存在get这个属性
2016-05-22 11:21:42,883 - app - __init__.py- DEBUG - 获取可以执行的函数
2016-05-22 11:23:24,732 - app - __init__.py- DEBUG - 自动加载模块的目录为：/data/opsdev2/reboot-website/app/modules
2016-05-22 11:23:24,748 - app - __init__.py- DEBUG - 验证模块是否可用，模块名为：idc
2016-05-22 11:23:24,753 - app - __init__.py- DEBUG - 加载 idc 模块
2016-05-22 11:23:24,850 - app - __init__.py- DEBUG - 加载 idc 模块成功
2016-05-22 11:23:24,862 - app - __init__.py- DEBUG - 验证模块idc，是否存在create这个属性
2016-05-22 11:23:24,868 - app - __init__.py- DEBUG - 获取可以执行的函数
2016-05-22 11:23:24,886 - app - idc.py- WARNING - 参数错误，data,不再idc这张表中
2016-05-22 11:23:24,900 - app - __init__.py- WARNING - 调用模块执行中出错：params error: data
2016-05-22 11:23:27,244 - app - __init__.py- DEBUG - 自动加载模块的目录为：/data/opsdev2/reboot-website/app/modules
2016-05-22 11:23:27,247 - app - __init__.py- DEBUG - 验证模块是否可用，模块名为：idc
2016-05-22 11:23:27,248 - app - __init__.py- DEBUG - 加载 idc 模块
2016-05-22 11:23:27,321 - app - __init__.py- DEBUG - 加载 idc 模块成功
2016-05-22 11:23:27,337 - app - __init__.py- DEBUG - 验证模块idc，是否存在get这个属性
2016-05-22 11:23:27,343 - app - __init__.py- DEBUG - 获取可以执行的函数
2016-05-22 11:26:32,641 - app - __init__.py- DEBUG - 自动加载模块的目录为：/data/opsdev2/reboot-website/app/modules
2016-05-22 11:26:32,649 - app - __init__.py- DEBUG - 验证模块是否可用，模块名为：idc
2016-05-22 11:26:32,659 - app - __init__.py- DEBUG - 加载 idc 模块
2016-05-22 11:26:32,737 - app - __init__.py- DEBUG - 加载 idc 模块成功
2016-05-22 11:26:32,759 - app - __init__.py- DEBUG - 验证模块idc，是否存在get这个属性
2016-05-22 11:26:32,768 - app - __init__.py- DEBUG - 获取可以执行的函数
2016-05-22 11:26:59,901 - app - __init__.py- DEBUG - 自动加载模块的目录为：/data/opsdev2/reboot-website/app/modules
2016-05-22 11:26:59,913 - app - __init__.py- DEBUG - 验证模块是否可用，模块名为：idc
2016-05-22 11:26:59,920 - app - __init__.py- DEBUG - 加载 idc 模块
2016-05-22 11:27:00,002 - app - __init__.py- DEBUG - 加载 idc 模块成功
2016-05-22 11:27:00,011 - app - __init__.py- DEBUG - 验证模块idc，是否存在create这个属性
2016-05-22 11:27:00,018 - app - __init__.py- DEBUG - 获取可以执行的函数
2016-05-22 11:27:01,273 - app - __init__.py- DEBUG - 自动加载模块的目录为：/data/opsdev2/reboot-website/app/modules
2016-05-22 11:27:01,283 - app - __init__.py- DEBUG - 验证模块是否可用，模块名为：idc
2016-05-22 11:27:01,297 - app - __init__.py- DEBUG - 加载 idc 模块
2016-05-22 11:27:01,356 - app - __init__.py- DEBUG - 加载 idc 模块成功
2016-05-22 11:27:01,369 - app - __init__.py- DEBUG - 验证模块idc，是否存在get这个属性
2016-05-22 11:27:01,376 - app - __init__.py- DEBUG - 获取可以执行的函数
2016-05-22 11:27:24,282 - app - __init__.py- DEBUG - 自动加载模块的目录为：/data/opsdev2/reboot-website/app/modules
2016-05-22 11:27:24,290 - app - __init__.py- DEBUG - 验证模块是否可用，模块名为：idc
2016-05-22 11:27:24,302 - app - __init__.py- DEBUG - 加载 idc 模块
2016-05-22 11:27:24,361 - app - __init__.py- DEBUG - 加载 idc 模块成功
2016-05-22 11:27:24,368 - app - __init__.py- DEBUG - 验证模块idc，是否存在get这个属性
2016-05-22 11:27:24,377 - app - __init__.py- DEBUG - 获取可以执行的函数
2016-05-22 11:34:38,489 - app - __init__.py- DEBUG - 自动加载模块的目录为：/data/opsdev2/reboot-website/app/modules
2016-05-22 11:34:38,497 - app - __init__.py- DEBUG - 验证模块是否可用，模块名为：idc
2016-05-22 11:34:38,511 - app - __init__.py- DEBUG - 加载 idc 模块
2016-05-22 11:34:38,576 - app - __init__.py- DEBUG - 加载 idc 模块成功
2016-05-22 11:34:38,589 - app - __init__.py- DEBUG - 验证模块idc，是否存在get这个属性
2016-05-22 11:34:38,594 - app - __init__.py- DEBUG - 获取可以执行的函数
2016-05-22 11:35:22,186 - app - __init__.py- DEBUG - 自动加载模块的目录为：/data/opsdev2/reboot-website/app/modules
2016-05-22 11:35:22,201 - app - __init__.py- DEBUG - 验证模块是否可用，模块名为：idc
2016-05-22 11:35:22,203 - app - __init__.py- DEBUG - 加载 idc 模块
2016-05-22 11:35:22,279 - app - __init__.py- DEBUG - 加载 idc 模块成功
2016-05-22 11:35:22,286 - app - __init__.py- DEBUG - 验证模块idc，是否存在create这个属性
2016-05-22 11:35:22,295 - app - __init__.py- DEBUG - 获取可以执行的函数
2016-05-22 11:35:23,584 - app - __init__.py- DEBUG - 自动加载模块的目录为：/data/opsdev2/reboot-website/app/modules
2016-05-22 11:35:23,587 - app - __init__.py- DEBUG - 验证模块是否可用，模块名为：idc
2016-05-22 11:35:23,589 - app - __init__.py- DEBUG - 加载 idc 模块
2016-05-22 11:35:23,650 - app - __init__.py- DEBUG - 加载 idc 模块成功
2016-05-22 11:35:23,658 - app - __init__.py- DEBUG - 验证模块idc，是否存在get这个属性
2016-05-22 11:35:23,668 - app - __init__.py- DEBUG - 获取可以执行的函数
2016-05-22 11:35:37,179 - app - __init__.py- DEBUG - 自动加载模块的目录为：/data/opsdev2/reboot-website/app/modules
2016-05-22 11:35:37,189 - app - __init__.py- DEBUG - 验证模块是否可用，模块名为：idc
2016-05-22 11:35:37,199 - app - __init__.py- DEBUG - 加载 idc 模块
2016-05-22 11:35:37,258 - app - __init__.py- DEBUG - 加载 idc 模块成功
2016-05-22 11:35:37,266 - app - __init__.py- DEBUG - 验证模块idc，是否存在get这个属性
2016-05-22 11:35:37,276 - app - __init__.py- DEBUG - 获取可以执行的函数
2016-05-22 11:45:28,338 - app - __init__.py- DEBUG - 自动加载模块的目录为：/data/opsdev2/reboot-website/app/modules
2016-05-22 11:45:28,349 - app - __init__.py- DEBUG - 验证模块是否可用，模块名为：idc
2016-05-22 11:45:28,365 - app - __init__.py- DEBUG - 加载 idc 模块
2016-05-22 11:45:28,498 - app - __init__.py- DEBUG - 加载 idc 模块成功
2016-05-22 11:45:28,510 - app - __init__.py- DEBUG - 验证模块idc，是否存在get这个属性
2016-05-22 11:45:28,515 - app - __init__.py- DEBUG - 获取可以执行的函数
2016-05-22 11:47:11,901 - app - __init__.py- DEBUG - 自动加载模块的目录为：/data/opsdev2/reboot-website/app/modules
2016-05-22 11:47:11,915 - app - __init__.py- DEBUG - 验证模块是否可用，模块名为：idc
2016-05-22 11:47:11,925 - app - __init__.py- DEBUG - 加载 idc 模块
2016-05-22 11:47:12,022 - app - __init__.py- DEBUG - 加载 idc 模块成功
2016-05-22 11:47:12,046 - app - __init__.py- DEBUG - 验证模块idc，是否存在delete这个属性
2016-05-22 11:47:12,061 - app - __init__.py- DEBUG - 获取可以执行的函数
2016-05-22 11:47:14,721 - app - __init__.py- DEBUG - 自动加载模块的目录为：/data/opsdev2/reboot-website/app/modules
2016-05-22 11:47:14,727 - app - __init__.py- DEBUG - 验证模块是否可用，模块名为：idc
2016-05-22 11:47:14,741 - app - __init__.py- DEBUG - 加载 idc 模块
2016-05-22 11:47:14,814 - app - __init__.py- DEBUG - 加载 idc 模块成功
2016-05-22 11:47:14,839 - app - __init__.py- DEBUG - 验证模块idc，是否存在get这个属性
2016-05-22 11:47:14,849 - app - __init__.py- DEBUG - 获取可以执行的函数
2016-05-22 11:47:58,480 - app - __init__.py- DEBUG - 自动加载模块的目录为：/data/opsdev2/reboot-website/app/modules
2016-05-22 11:47:58,493 - app - __init__.py- DEBUG - 验证模块是否可用，模块名为：idc
2016-05-22 11:47:58,509 - app - __init__.py- DEBUG - 加载 idc 模块
2016-05-22 11:47:58,581 - app - __init__.py- DEBUG - 加载 idc 模块成功
2016-05-22 11:47:58,604 - app - __init__.py- DEBUG - 验证模块idc，是否存在get这个属性
2016-05-22 11:47:58,621 - app - __init__.py- DEBUG - 获取可以执行的函数
2016-05-22 11:48:02,832 - app - __init__.py- DEBUG - 自动加载模块的目录为：/data/opsdev2/reboot-website/app/modules
2016-05-22 11:48:02,847 - app - __init__.py- DEBUG - 验证模块是否可用，模块名为：idc
2016-05-22 11:48:02,863 - app - __init__.py- DEBUG - 加载 idc 模块
2016-05-22 11:48:02,945 - app - __init__.py- DEBUG - 加载 idc 模块成功
2016-05-22 11:48:02,955 - app - __init__.py- DEBUG - 验证模块idc，是否存在get这个属性
2016-05-22 11:48:02,960 - app - __init__.py- DEBUG - 获取可以执行的函数
2016-05-22 11:48:10,280 - app - __init__.py- DEBUG - 自动加载模块的目录为：/data/opsdev2/reboot-website/app/modules
2016-05-22 11:48:10,301 - app - __init__.py- DEBUG - 验证模块是否可用，模块名为：idc
2016-05-22 11:48:10,309 - app - __init__.py- DEBUG - 加载 idc 模块
2016-05-22 11:48:10,393 - app - __init__.py- DEBUG - 加载 idc 模块成功
2016-05-22 11:48:10,405 - app - __init__.py- DEBUG - 验证模块idc，是否存在get这个属性
2016-05-22 11:48:10,415 - app - __init__.py- DEBUG - 获取可以执行的函数
2016-05-22 11:48:15,709 - app - __init__.py- DEBUG - 自动加载模块的目录为：/data/opsdev2/reboot-website/app/modules
2016-05-22 11:48:15,722 - app - __init__.py- DEBUG - 验证模块是否可用，模块名为：idc
2016-05-22 11:48:15,731 - app - __init__.py- DEBUG - 加载 idc 模块
2016-05-22 11:48:15,806 - app - __init__.py- DEBUG - 加载 idc 模块成功
2016-05-22 11:48:15,815 - app - __init__.py- DEBUG - 验证模块idc，是否存在get这个属性
2016-05-22 11:48:15,822 - app - __init__.py- DEBUG - 获取可以执行的函数
2016-05-22 11:48:25,005 - app - __init__.py- DEBUG - 自动加载模块的目录为：/data/opsdev2/reboot-website/app/modules
2016-05-22 11:48:25,017 - app - __init__.py- DEBUG - 验证模块是否可用，模块名为：idc
2016-05-22 11:48:25,034 - app - __init__.py- DEBUG - 加载 idc 模块
2016-05-22 11:48:25,100 - app - __init__.py- DEBUG - 加载 idc 模块成功
2016-05-22 11:48:25,108 - app - __init__.py- DEBUG - 验证模块idc，是否存在get这个属性
2016-05-22 11:48:25,127 - app - __init__.py- DEBUG - 获取可以执行的函数
2016-05-22 11:48:35,347 - app - __init__.py- DEBUG - 自动加载模块的目录为：/data/opsdev2/reboot-website/app/modules
2016-05-22 11:48:35,363 - app - __init__.py- DEBUG - 验证模块是否可用，模块名为：idc
2016-05-22 11:48:35,375 - app - __init__.py- DEBUG - 加载 idc 模块
2016-05-22 11:48:35,452 - app - __init__.py- DEBUG - 加载 idc 模块成功
2016-05-22 11:48:35,461 - app - __init__.py- DEBUG - 验证模块idc，是否存在get这个属性
2016-05-22 11:48:35,463 - app - __init__.py- DEBUG - 获取可以执行的函数
2016-05-22 11:48:45,593 - app - __init__.py- DEBUG - 自动加载模块的目录为：/data/opsdev2/reboot-website/app/modules
2016-05-22 11:48:45,604 - app - __init__.py- DEBUG - 验证模块是否可用，模块名为：idc
2016-05-22 11:48:45,609 - app - __init__.py- DEBUG - 加载 idc 模块
2016-05-22 11:48:45,677 - app - __init__.py- DEBUG - 加载 idc 模块成功
2016-05-22 11:48:45,683 - app - __init__.py- DEBUG - 验证模块idc，是否存在get这个属性
2016-05-22 11:48:45,691 - app - __init__.py- DEBUG - 获取可以执行的函数
2016-05-22 11:48:47,725 - app - __init__.py- DEBUG - 自动加载模块的目录为：/data/opsdev2/reboot-website/app/modules
2016-05-22 11:48:47,732 - app - __init__.py- DEBUG - 验证模块是否可用，模块名为：idc
2016-05-22 11:48:47,739 - app - __init__.py- DEBUG - 加载 idc 模块
2016-05-22 11:48:47,812 - app - __init__.py- DEBUG - 加载 idc 模块成功
2016-05-22 11:48:47,819 - app - __init__.py- DEBUG - 验证模块idc，是否存在get这个属性
2016-05-22 11:48:47,831 - app - __init__.py- DEBUG - 获取可以执行的函数
2016-05-22 11:48:55,038 - app - __init__.py- DEBUG - 自动加载模块的目录为：/data/opsdev2/reboot-website/app/modules
2016-05-22 11:48:55,044 - app - __init__.py- DEBUG - 验证模块是否可用，模块名为：idc
2016-05-22 11:48:55,046 - app - __init__.py- DEBUG - 加载 idc 模块
2016-05-22 11:48:55,124 - app - __init__.py- DEBUG - 加载 idc 模块成功
2016-05-22 11:48:55,139 - app - __init__.py- DEBUG - 验证模块idc，是否存在get这个属性
2016-05-22 11:48:55,144 - app - __init__.py- DEBUG - 获取可以执行的函数
2016-05-22 11:48:58,652 - app - __init__.py- DEBUG - 自动加载模块的目录为：/data/opsdev2/reboot-website/app/modules
2016-05-22 11:48:58,662 - app - __init__.py- DEBUG - 验证模块是否可用，模块名为：idc
2016-05-22 11:48:58,671 - app - __init__.py- DEBUG - 加载 idc 模块
2016-05-22 11:48:58,733 - app - __init__.py- DEBUG - 加载 idc 模块成功
2016-05-22 11:48:58,744 - app - __init__.py- DEBUG - 验证模块idc，是否存在get这个属性
2016-05-22 11:48:58,753 - app - __init__.py- DEBUG - 获取可以执行的函数
2016-05-22 11:49:17,683 - app - __init__.py- DEBUG - 自动加载模块的目录为：/data/opsdev2/reboot-website/app/modules
2016-05-22 11:49:17,702 - app - __init__.py- DEBUG - 验证模块是否可用，模块名为：idc
2016-05-22 11:49:17,717 - app - __init__.py- DEBUG - 加载 idc 模块
2016-05-22 11:49:17,805 - app - __init__.py- DEBUG - 加载 idc 模块成功
2016-05-22 11:49:17,817 - app - __init__.py- DEBUG - 验证模块idc，是否存在get这个属性
2016-05-22 11:49:17,826 - app - __init__.py- DEBUG - 获取可以执行的函数
2016-05-22 11:49:22,607 - app - __init__.py- DEBUG - 自动加载模块的目录为：/data/opsdev2/reboot-website/app/modules
2016-05-22 11:49:22,629 - app - __init__.py- DEBUG - 验证模块是否可用，模块名为：idc
2016-05-22 11:49:22,634 - app - __init__.py- DEBUG - 加载 idc 模块
2016-05-22 11:49:22,704 - app - __init__.py- DEBUG - 加载 idc 模块成功
2016-05-22 11:49:22,716 - app - __init__.py- DEBUG - 验证模块idc，是否存在update这个属性
2016-05-22 11:49:22,724 - app - __init__.py- DEBUG - 获取可以执行的函数
2016-05-22 11:49:23,997 - app - __init__.py- DEBUG - 自动加载模块的目录为：/data/opsdev2/reboot-website/app/modules
2016-05-22 11:49:24,008 - app - __init__.py- DEBUG - 验证模块是否可用，模块名为：idc
2016-05-22 11:49:24,019 - app - __init__.py- DEBUG - 加载 idc 模块
2016-05-22 11:49:24,105 - app - __init__.py- DEBUG - 加载 idc 模块成功
2016-05-22 11:49:24,115 - app - __init__.py- DEBUG - 验证模块idc，是否存在get这个属性
2016-05-22 11:49:24,119 - app - __init__.py- DEBUG - 获取可以执行的函数
2016-05-22 11:49:27,371 - app - __init__.py- DEBUG - 自动加载模块的目录为：/data/opsdev2/reboot-website/app/modules
2016-05-22 11:49:27,384 - app - __init__.py- DEBUG - 验证模块是否可用，模块名为：idc
2016-05-22 11:49:27,394 - app - __init__.py- DEBUG - 加载 idc 模块
2016-05-22 11:49:27,480 - app - __init__.py- DEBUG - 加载 idc 模块成功
2016-05-22 11:49:27,490 - app - __init__.py- DEBUG - 验证模块idc，是否存在get这个属性
2016-05-22 11:49:27,496 - app - __init__.py- DEBUG - 获取可以执行的函数
2016-05-22 11:49:35,339 - app - __init__.py- DEBUG - 自动加载模块的目录为：/data/opsdev2/reboot-website/app/modules
2016-05-22 11:49:35,349 - app - __init__.py- DEBUG - 验证模块是否可用，模块名为：idc
2016-05-22 11:49:35,366 - app - __init__.py- DEBUG - 加载 idc 模块
2016-05-22 11:49:35,445 - app - __init__.py- DEBUG - 加载 idc 模块成功
2016-05-22 11:49:35,462 - app - __init__.py- DEBUG - 验证模块idc，是否存在update这个属性
2016-05-22 11:49:35,467 - app - __init__.py- DEBUG - 获取可以执行的函数
2016-05-22 11:49:36,673 - app - __init__.py- DEBUG - 自动加载模块的目录为：/data/opsdev2/reboot-website/app/modules
2016-05-22 11:49:36,682 - app - __init__.py- DEBUG - 验证模块是否可用，模块名为：idc
2016-05-22 11:49:36,699 - app - __init__.py- DEBUG - 加载 idc 模块
2016-05-22 11:49:36,766 - app - __init__.py- DEBUG - 加载 idc 模块成功
2016-05-22 11:49:36,774 - app - __init__.py- DEBUG - 验证模块idc，是否存在get这个属性
2016-05-22 11:49:36,788 - app - __init__.py- DEBUG - 获取可以执行的函数
2016-05-22 11:50:31,197 - app - __init__.py- DEBUG - 自动加载模块的目录为：/data/opsdev2/reboot-website/app/modules
2016-05-22 11:50:31,214 - app - __init__.py- DEBUG - 验证模块是否可用，模块名为：idc
2016-05-22 11:50:31,226 - app - __init__.py- DEBUG - 加载 idc 模块
2016-05-22 11:50:31,306 - app - __init__.py- DEBUG - 加载 idc 模块成功
2016-05-22 11:50:31,316 - app - __init__.py- DEBUG - 验证模块idc，是否存在create这个属性
2016-05-22 11:50:31,322 - app - __init__.py- DEBUG - 获取可以执行的函数
2016-05-22 11:50:32,545 - app - __init__.py- DEBUG - 自动加载模块的目录为：/data/opsdev2/reboot-website/app/modules
2016-05-22 11:50:32,561 - app - __init__.py- DEBUG - 验证模块是否可用，模块名为：idc
2016-05-22 11:50:32,574 - app - __init__.py- DEBUG - 加载 idc 模块
2016-05-22 11:50:32,669 - app - __init__.py- DEBUG - 加载 idc 模块成功
2016-05-22 11:50:32,681 - app - __init__.py- DEBUG - 验证模块idc，是否存在get这个属性
2016-05-22 11:50:32,694 - app - __init__.py- DEBUG - 获取可以执行的函数
2016-05-22 11:54:47,257 - app - __init__.py- DEBUG - 自动加载模块的目录为：/data/opsdev2/reboot-website/app/modules
2016-05-22 11:54:47,276 - app - __init__.py- DEBUG - 验证模块是否可用，模块名为：idc
2016-05-22 11:54:47,288 - app - __init__.py- DEBUG - 加载 idc 模块
2016-05-22 11:54:47,418 - app - __init__.py- DEBUG - 加载 idc 模块成功
2016-05-22 11:54:47,430 - app - __init__.py- DEBUG - 验证模块idc，是否存在get这个属性
2016-05-22 11:54:47,447 - app - __init__.py- DEBUG - 获取可以执行的函数
2016-05-22 12:10:36,983 - app - __init__.py- DEBUG - 自动加载模块的目录为：/data/opsdev2/reboot-website/app/modules
2016-05-22 12:10:36,996 - app - __init__.py- DEBUG - 验证模块是否可用，模块名为：idc
2016-05-22 12:10:37,008 - app - __init__.py- DEBUG - 加载 idc 模块
2016-05-22 12:10:37,176 - app - __init__.py- DEBUG - 加载 idc 模块成功
2016-05-22 12:10:37,191 - app - __init__.py- DEBUG - 验证模块idc，是否存在get这个属性
2016-05-22 12:10:37,205 - app - __init__.py- DEBUG - 获取可以执行的函数
2016-05-22 12:41:10,205 - app - __init__.py- DEBUG - 自动加载模块的目录为：/data/opsdev2/reboot-website/app/modules
2016-05-22 12:41:10,214 - app - __init__.py- DEBUG - 验证模块是否可用，模块名为：idc
2016-05-22 12:41:10,221 - app - __init__.py- DEBUG - 加载 idc 模块
2016-05-22 12:41:10,338 - app - __init__.py- DEBUG - 加载 idc 模块成功
2016-05-22 12:41:10,357 - app - __init__.py- DEBUG - 验证模块idc，是否存在delete这个属性
2016-05-22 12:41:10,366 - app - __init__.py- DEBUG - 获取可以执行的函数
2016-05-22 12:41:12,314 - app - __init__.py- DEBUG - 自动加载模块的目录为：/data/opsdev2/reboot-website/app/modules
2016-05-22 12:41:12,330 - app - __init__.py- DEBUG - 验证模块是否可用，模块名为：idc
2016-05-22 12:41:12,342 - app - __init__.py- DEBUG - 加载 idc 模块
2016-05-22 12:41:12,416 - app - __init__.py- DEBUG - 加载 idc 模块成功
2016-05-22 12:41:12,424 - app - __init__.py- DEBUG - 验证模块idc，是否存在get这个属性
2016-05-22 12:41:12,435 - app - __init__.py- DEBUG - 获取可以执行的函数
2016-05-22 12:41:29,602 - app - __init__.py- DEBUG - 自动加载模块的目录为：/data/opsdev2/reboot-website/app/modules
2016-05-22 12:41:29,614 - app - __init__.py- DEBUG - 验证模块是否可用，模块名为：idc
2016-05-22 12:41:29,629 - app - __init__.py- DEBUG - 加载 idc 模块
2016-05-22 12:41:29,699 - app - __init__.py- DEBUG - 加载 idc 模块成功
2016-05-22 12:41:29,705 - app - __init__.py- DEBUG - 验证模块idc，是否存在get这个属性
2016-05-22 12:41:29,714 - app - __init__.py- DEBUG - 获取可以执行的函数
2016-05-22 12:41:34,197 - app - __init__.py- DEBUG - 自动加载模块的目录为：/data/opsdev2/reboot-website/app/modules
2016-05-22 12:41:34,206 - app - __init__.py- DEBUG - 验证模块是否可用，模块名为：idc
2016-05-22 12:41:34,223 - app - __init__.py- DEBUG - 加载 idc 模块
2016-05-22 12:41:34,303 - app - __init__.py- DEBUG - 加载 idc 模块成功
2016-05-22 12:41:34,311 - app - __init__.py- DEBUG - 验证模块idc，是否存在get这个属性
2016-05-22 12:41:34,325 - app - __init__.py- DEBUG - 获取可以执行的函数
2016-05-22 12:42:37,973 - app - __init__.py- DEBUG - 自动加载模块的目录为：/data/opsdev2/reboot-website/app/modules
2016-05-22 12:42:37,989 - app - __init__.py- DEBUG - 验证模块是否可用，模块名为：idc
2016-05-22 12:42:37,994 - app - __init__.py- DEBUG - 加载 idc 模块
2016-05-22 12:42:38,058 - app - __init__.py- DEBUG - 加载 idc 模块成功
2016-05-22 12:42:38,074 - app - __init__.py- DEBUG - 验证模块idc，是否存在get这个属性
2016-05-22 12:42:38,084 - app - __init__.py- DEBUG - 获取可以执行的函数
2016-05-22 12:42:49,469 - app - __init__.py- DEBUG - 自动加载模块的目录为：/data/opsdev2/reboot-website/app/modules
2016-05-22 12:42:49,498 - app - __init__.py- DEBUG - 验证模块是否可用，模块名为：idc
2016-05-22 12:42:49,514 - app - __init__.py- DEBUG - 加载 idc 模块
2016-05-22 12:42:49,583 - app - __init__.py- DEBUG - 加载 idc 模块成功
2016-05-22 12:42:49,600 - app - __init__.py- DEBUG - 验证模块idc，是否存在get这个属性
2016-05-22 12:42:49,603 - app - __init__.py- DEBUG - 获取可以执行的函数
2016-05-22 12:42:58,643 - app - __init__.py- DEBUG - 自动加载模块的目录为：/data/opsdev2/reboot-website/app/modules
2016-05-22 12:42:58,649 - app - __init__.py- DEBUG - 验证模块是否可用，模块名为：idc
2016-05-22 12:42:58,663 - app - __init__.py- DEBUG - 加载 idc 模块
2016-05-22 12:42:58,726 - app - __init__.py- DEBUG - 加载 idc 模块成功
2016-05-22 12:42:58,737 - app - __init__.py- DEBUG - 验证模块idc，是否存在get这个属性
2016-05-22 12:42:58,748 - app - __init__.py- DEBUG - 获取可以执行的函数
2016-05-22 12:43:02,557 - app - __init__.py- DEBUG - 自动加载模块的目录为：/data/opsdev2/reboot-website/app/modules
2016-05-22 12:43:02,567 - app - __init__.py- DEBUG - 验证模块是否可用，模块名为：idc
2016-05-22 12:43:02,576 - app - __init__.py- DEBUG - 加载 idc 模块
2016-05-22 12:43:02,643 - app - __init__.py- DEBUG - 加载 idc 模块成功
2016-05-22 12:43:02,653 - app - __init__.py- DEBUG - 验证模块idc，是否存在get这个属性
2016-05-22 12:43:02,665 - app - __init__.py- DEBUG - 获取可以执行的函数
2016-05-22 12:45:35,036 - app - __init__.py- DEBUG - 自动加载模块的目录为：/data/opsdev2/reboot-website/app/modules
2016-05-22 12:45:35,043 - app - __init__.py- DEBUG - 验证模块是否可用，模块名为：idc
2016-05-22 12:45:35,053 - app - __init__.py- DEBUG - 加载 idc 模块
2016-05-22 12:45:35,124 - app - __init__.py- DEBUG - 加载 idc 模块成功
2016-05-22 12:45:35,137 - app - __init__.py- DEBUG - 验证模块idc，是否存在get这个属性
2016-05-22 12:45:35,144 - app - __init__.py- DEBUG - 获取可以执行的函数
2016-05-22 12:45:40,627 - app - __init__.py- DEBUG - 自动加载模块的目录为：/data/opsdev2/reboot-website/app/modules
2016-05-22 12:45:40,637 - app - __init__.py- DEBUG - 验证模块是否可用，模块名为：idc
2016-05-22 12:45:40,638 - app - __init__.py- DEBUG - 加载 idc 模块
2016-05-22 12:45:40,700 - app - __init__.py- DEBUG - 加载 idc 模块成功
2016-05-22 12:45:40,707 - app - __init__.py- DEBUG - 验证模块idc，是否存在get这个属性
2016-05-22 12:45:40,717 - app - __init__.py- DEBUG - 获取可以执行的函数
2016-05-22 12:46:21,609 - app - __init__.py- DEBUG - 自动加载模块的目录为：/data/opsdev2/reboot-website/app/modules
2016-05-22 12:46:21,626 - app - __init__.py- DEBUG - 验证模块是否可用，模块名为：idc
2016-05-22 12:46:21,642 - app - __init__.py- DEBUG - 加载 idc 模块
2016-05-22 12:46:21,720 - app - __init__.py- DEBUG - 加载 idc 模块成功
2016-05-22 12:46:21,725 - app - __init__.py- DEBUG - 验证模块idc，是否存在get这个属性
2016-05-22 12:46:21,741 - app - __init__.py- DEBUG - 获取可以执行的函数
2016-05-22 12:46:29,544 - app - __init__.py- DEBUG - 自动加载模块的目录为：/data/opsdev2/reboot-website/app/modules
2016-05-22 12:46:29,560 - app - __init__.py- DEBUG - 验证模块是否可用，模块名为：idc
2016-05-22 12:46:29,563 - app - __init__.py- DEBUG - 加载 idc 模块
2016-05-22 12:46:29,626 - app - __init__.py- DEBUG - 加载 idc 模块成功
2016-05-22 12:46:29,635 - app - __init__.py- DEBUG - 验证模块idc，是否存在get这个属性
2016-05-22 12:46:29,642 - app - __init__.py- DEBUG - 获取可以执行的函数
2016-05-22 12:46:32,038 - app - __init__.py- DEBUG - 自动加载模块的目录为：/data/opsdev2/reboot-website/app/modules
2016-05-22 12:46:32,050 - app - __init__.py- DEBUG - 验证模块是否可用，模块名为：idc
2016-05-22 12:46:32,066 - app - __init__.py- DEBUG - 加载 idc 模块
2016-05-22 12:46:32,131 - app - __init__.py- DEBUG - 加载 idc 模块成功
2016-05-22 12:46:32,142 - app - __init__.py- DEBUG - 验证模块idc，是否存在get这个属性
2016-05-22 12:46:32,145 - app - __init__.py- DEBUG - 获取可以执行的函数
2016-05-22 12:46:35,028 - app - __init__.py- DEBUG - 自动加载模块的目录为：/data/opsdev2/reboot-website/app/modules
2016-05-22 12:46:35,038 - app - __init__.py- DEBUG - 验证模块是否可用，模块名为：idc
2016-05-22 12:46:35,047 - app - __init__.py- DEBUG - 加载 idc 模块
2016-05-22 12:46:35,109 - app - __init__.py- DEBUG - 加载 idc 模块成功
2016-05-22 12:46:35,117 - app - __init__.py- DEBUG - 验证模块idc，是否存在get这个属性
2016-05-22 12:46:35,122 - app - __init__.py- DEBUG - 获取可以执行的函数
2016-05-22 12:47:41,904 - app - __init__.py- DEBUG - 自动加载模块的目录为：/data/opsdev2/reboot-website/app/modules
2016-05-22 12:47:41,919 - app - __init__.py- DEBUG - 验证模块是否可用，模块名为：idc
2016-05-22 12:47:41,938 - app - __init__.py- DEBUG - 加载 idc 模块
2016-05-22 12:47:42,002 - app - __init__.py- DEBUG - 加载 idc 模块成功
2016-05-22 12:47:42,011 - app - __init__.py- DEBUG - 验证模块idc，是否存在get这个属性
2016-05-22 12:47:42,021 - app - __init__.py- DEBUG - 获取可以执行的函数
2016-05-22 12:47:46,878 - app - __init__.py- DEBUG - 自动加载模块的目录为：/data/opsdev2/reboot-website/app/modules
2016-05-22 12:47:46,900 - app - __init__.py- DEBUG - 验证模块是否可用，模块名为：idc
2016-05-22 12:47:46,908 - app - __init__.py- DEBUG - 加载 idc 模块
2016-05-22 12:47:46,972 - app - __init__.py- DEBUG - 加载 idc 模块成功
2016-05-22 12:47:46,980 - app - __init__.py- DEBUG - 验证模块idc，是否存在get这个属性
2016-05-22 12:47:46,991 - app - __init__.py- DEBUG - 获取可以执行的函数
2016-05-22 12:47:49,796 - app - __init__.py- DEBUG - 自动加载模块的目录为：/data/opsdev2/reboot-website/app/modules
2016-05-22 12:47:49,806 - app - __init__.py- DEBUG - 验证模块是否可用，模块名为：idc
2016-05-22 12:47:49,820 - app - __init__.py- DEBUG - 加载 idc 模块
2016-05-22 12:47:49,900 - app - __init__.py- DEBUG - 加载 idc 模块成功
2016-05-22 12:47:49,910 - app - __init__.py- DEBUG - 验证模块idc，是否存在update这个属性
2016-05-22 12:47:49,923 - app - __init__.py- DEBUG - 获取可以执行的函数
2016-05-22 12:47:51,370 - app - __init__.py- DEBUG - 自动加载模块的目录为：/data/opsdev2/reboot-website/app/modules
2016-05-22 12:47:51,378 - app - __init__.py- DEBUG - 验证模块是否可用，模块名为：idc
2016-05-22 12:47:51,391 - app - __init__.py- DEBUG - 加载 idc 模块
2016-05-22 12:47:51,460 - app - __init__.py- DEBUG - 加载 idc 模块成功
2016-05-22 12:47:51,470 - app - __init__.py- DEBUG - 验证模块idc，是否存在get这个属性
2016-05-22 12:47:51,475 - app - __init__.py- DEBUG - 获取可以执行的函数
2016-05-22 12:47:53,656 - app - __init__.py- DEBUG - 自动加载模块的目录为：/data/opsdev2/reboot-website/app/modules
2016-05-22 12:47:53,672 - app - __init__.py- DEBUG - 验证模块是否可用，模块名为：idc
2016-05-22 12:47:53,684 - app - __init__.py- DEBUG - 加载 idc 模块
2016-05-22 12:47:53,751 - app - __init__.py- DEBUG - 加载 idc 模块成功
2016-05-22 12:47:53,760 - app - __init__.py- DEBUG - 验证模块idc，是否存在get这个属性
2016-05-22 12:47:53,781 - app - __init__.py- DEBUG - 获取可以执行的函数
2016-05-22 12:49:42,070 - app - __init__.py- DEBUG - 自动加载模块的目录为：/data/opsdev2/reboot-website/app/modules
2016-05-22 12:49:42,078 - app - __init__.py- DEBUG - 验证模块是否可用，模块名为：idc
2016-05-22 12:49:42,088 - app - __init__.py- DEBUG - 加载 idc 模块
2016-05-22 12:49:42,153 - app - __init__.py- DEBUG - 加载 idc 模块成功
2016-05-22 12:49:42,159 - app - __init__.py- DEBUG - 验证模块idc，是否存在get这个属性
2016-05-22 12:49:42,167 - app - __init__.py- DEBUG - 获取可以执行的函数
2016-05-22 12:49:45,246 - app - __init__.py- DEBUG - 自动加载模块的目录为：/data/opsdev2/reboot-website/app/modules
2016-05-22 12:49:45,263 - app - __init__.py- DEBUG - 验证模块是否可用，模块名为：idc
2016-05-22 12:49:45,275 - app - __init__.py- DEBUG - 加载 idc 模块
2016-05-22 12:49:45,350 - app - __init__.py- DEBUG - 加载 idc 模块成功
2016-05-22 12:49:45,363 - app - __init__.py- DEBUG - 验证模块idc，是否存在get这个属性
2016-05-22 12:49:45,373 - app - __init__.py- DEBUG - 获取可以执行的函数
2016-05-22 12:49:48,610 - app - __init__.py- DEBUG - 自动加载模块的目录为：/data/opsdev2/reboot-website/app/modules
2016-05-22 12:49:48,617 - app - __init__.py- DEBUG - 验证模块是否可用，模块名为：idc
2016-05-22 12:49:48,629 - app - __init__.py- DEBUG - 加载 idc 模块
2016-05-22 12:49:48,710 - app - __init__.py- DEBUG - 加载 idc 模块成功
2016-05-22 12:49:48,719 - app - __init__.py- DEBUG - 验证模块idc，是否存在get这个属性
2016-05-22 12:49:48,731 - app - __init__.py- DEBUG - 获取可以执行的函数
2016-05-22 12:49:52,290 - app - __init__.py- DEBUG - 自动加载模块的目录为：/data/opsdev2/reboot-website/app/modules
2016-05-22 12:49:52,296 - app - __init__.py- DEBUG - 验证模块是否可用，模块名为：idc
2016-05-22 12:49:52,308 - app - __init__.py- DEBUG - 加载 idc 模块
2016-05-22 12:49:52,373 - app - __init__.py- DEBUG - 加载 idc 模块成功
2016-05-22 12:49:52,388 - app - __init__.py- DEBUG - 验证模块idc，是否存在get这个属性
2016-05-22 12:49:52,398 - app - __init__.py- DEBUG - 获取可以执行的函数
2016-05-22 12:49:54,777 - app - __init__.py- DEBUG - 自动加载模块的目录为：/data/opsdev2/reboot-website/app/modules
2016-05-22 12:49:54,789 - app - __init__.py- DEBUG - 验证模块是否可用，模块名为：idc
2016-05-22 12:49:54,802 - app - __init__.py- DEBUG - 加载 idc 模块
2016-05-22 12:49:54,863 - app - __init__.py- DEBUG - 加载 idc 模块成功
2016-05-22 12:49:54,875 - app - __init__.py- DEBUG - 验证模块idc，是否存在get这个属性
2016-05-22 12:49:54,883 - app - __init__.py- DEBUG - 获取可以执行的函数
2016-05-22 12:51:18,282 - app - __init__.py- DEBUG - 自动加载模块的目录为：/data/opsdev2/reboot-website/app/modules
2016-05-22 12:51:18,289 - app - __init__.py- DEBUG - 验证模块是否可用，模块名为：idc
2016-05-22 12:51:18,299 - app - __init__.py- DEBUG - 加载 idc 模块
2016-05-22 12:51:18,390 - app - __init__.py- DEBUG - 加载 idc 模块成功
2016-05-22 12:51:18,399 - app - __init__.py- DEBUG - 验证模块idc，是否存在get这个属性
2016-05-22 12:51:18,411 - app - __init__.py- DEBUG - 获取可以执行的函数
2016-05-22 12:51:59,769 - app - __init__.py- DEBUG - 自动加载模块的目录为：/data/opsdev2/reboot-website/app/modules
2016-05-22 12:51:59,779 - app - __init__.py- DEBUG - 验证模块是否可用，模块名为：idc
2016-05-22 12:51:59,796 - app - __init__.py- DEBUG - 加载 idc 模块
2016-05-22 12:51:59,900 - app - __init__.py- DEBUG - 加载 idc 模块成功
2016-05-22 12:51:59,911 - app - __init__.py- DEBUG - 验证模块idc，是否存在get这个属性
2016-05-22 12:51:59,921 - app - __init__.py- DEBUG - 获取可以执行的函数
2016-05-22 12:54:36,693 - app - __init__.py- DEBUG - 自动加载模块的目录为：/data/opsdev2/reboot-website/app/modules
2016-05-22 12:54:36,707 - app - __init__.py- DEBUG - 验证模块是否可用，模块名为：idc
2016-05-22 12:54:36,715 - app - __init__.py- DEBUG - 加载 idc 模块
2016-05-22 12:54:36,831 - app - __init__.py- DEBUG - 加载 idc 模块成功
2016-05-22 12:54:36,857 - app - __init__.py- DEBUG - 验证模块idc，是否存在get这个属性
2016-05-22 12:54:36,862 - app - __init__.py- DEBUG - 获取可以执行的函数
2016-05-22 13:03:24,475 - app - __init__.py- DEBUG - 自动加载模块的目录为：/data/opsdev2/reboot-website/app/modules
2016-05-22 13:03:24,490 - app - __init__.py- DEBUG - 验证模块是否可用，模块名为：idc
2016-05-22 13:03:24,502 - app - __init__.py- DEBUG - 加载 idc 模块
2016-05-22 13:03:24,600 - app - __init__.py- DEBUG - 加载 idc 模块成功
2016-05-22 13:03:24,608 - app - __init__.py- DEBUG - 验证模块idc，是否存在get这个属性
2016-05-22 13:03:24,611 - app - __init__.py- DEBUG - 获取可以执行的函数
